<?xml version="1.0" encoding="UTF-8"?>
<!-- Generated by org.testng.reporters.JUnitXMLReporter -->
<testsuite ignored="0" hostname="SHREE" failures="1" tests="1" name="AboutUsTest" time="17.934" errors="0" timestamp="2024-11-25T10:53:35 IST">
  <testcase classname="testCases.TC_001_AboutUsTest" name="verify_AboutUs" time="4.81">
    <failure type="java.lang.AssertionError" message="The following asserts failed:
	Read More Link is Not Working as we are in Same Page  did not expect [https://www.quantumsofttechnologies.com/about.html] but found [https://www.quantumsofttechnologies.com/about.html]">
      <![CDATA[java.lang.AssertionError: The following asserts failed:
Read More Link is Not Working as we are in Same Page  did not expect [https://www.quantumsofttechnologies.com/about.html] but found [https://www.quantumsofttechnologies.com/about.html]
at testCases.TC_001_AboutUsTest.verify_AboutUs(TC_001_AboutUsTest.java:35)
at java.base/java.util.ArrayList.forEach(ArrayList.java:1511)
... Removed 29 stack frames]]>
    </failure>
  </testcase> <!-- verify_AboutUs -->
</testsuite> <!-- AboutUsTest -->
