<?xml version="1.0" encoding="UTF-8"?>
<!-- Generated by org.testng.reporters.JUnitXMLReporter -->
<testsuite ignored="0" hostname="SHREE" failures="6" tests="6" name="Quantumsoft" time="60.175" errors="0" timestamp="2024-11-25T10:50:00 IST">
  <testcase classname="testCases.TC_001_HomePageQuantumSoftTestDDT" name="verify_getQuoteLink" time="2.541">
    <failure type="java.lang.AssertionError" message="The following asserts failed:
	Get quote Link is Not Working as we are in Same Page  did not expect [https://www.quantumsofttechnologies.com/] but found [https://www.quantumsofttechnologies.com/]">
      <![CDATA[java.lang.AssertionError: The following asserts failed:
Get quote Link is Not Working as we are in Same Page  did not expect [https://www.quantumsofttechnologies.com/] but found [https://www.quantumsofttechnologies.com/]
at testCases.TC_001_HomePageQuantumSoftTestDDT.verify_getQuoteLink(TC_001_HomePageQuantumSoftTestDDT.java:28)
at java.base/java.util.ArrayList.forEach(ArrayList.java:1511)
... Removed 29 stack frames]]>
    </failure>
  </testcase> <!-- verify_getQuoteLink -->
  <testcase classname="testCases.TC_001_HomePageQuantumSoftTestDDT" name="verify_fillFormDetailsDDT" time="12.273">
    <failure type="java.lang.AssertionError" message="The following asserts failed:
	Get quote Link is Not Working as we are in Same Page  did not expect [https://www.quantumsofttechnologies.com/] but found [https://www.quantumsofttechnologies.com/],
	Get quote Link is Not Working After Filling the Form as we are in Same Page  did not expect [https://www.quantumsofttechnologies.com/?] but found [https://www.quantumsofttechnologies.com/?]">
      <![CDATA[java.lang.AssertionError: The following asserts failed:
Get quote Link is Not Working as we are in Same Page  did not expect [https://www.quantumsofttechnologies.com/] but found [https://www.quantumsofttechnologies.com/],
Get quote Link is Not Working After Filling the Form as we are in Same Page  did not expect [https://www.quantumsofttechnologies.com/?] but found [https://www.quantumsofttechnologies.com/?]
at testCases.TC_001_HomePageQuantumSoftTestDDT.verify_fillFormDetailsDDT(TC_001_HomePageQuantumSoftTestDDT.java:64)
at java.base/java.util.ArrayList.forEach(ArrayList.java:1511)
... Removed 29 stack frames]]>
    </failure>
  </testcase> <!-- verify_fillFormDetailsDDT -->
  <testcase classname="testCases.TC_001_HomePageQuantumSoftTestDDT" name="verify_FooterAboutUsLink" time="4.319">
    <failure type="java.lang.AssertionError" message="The following asserts failed:
	Get quote Link is Not Working as we are in Same Page  did not expect [https://www.quantumsofttechnologies.com/] but found [https://www.quantumsofttechnologies.com/],
	Get quote Link is Not Working After Filling the Form as we are in Same Page  did not expect [https://www.quantumsofttechnologies.com/?] but found [https://www.quantumsofttechnologies.com/?]">
      <![CDATA[java.lang.AssertionError: The following asserts failed:
Get quote Link is Not Working as we are in Same Page  did not expect [https://www.quantumsofttechnologies.com/] but found [https://www.quantumsofttechnologies.com/],
Get quote Link is Not Working After Filling the Form as we are in Same Page  did not expect [https://www.quantumsofttechnologies.com/?] but found [https://www.quantumsofttechnologies.com/?]
at testCases.TC_001_HomePageQuantumSoftTestDDT.verify_FooterAboutUsLink(TC_001_HomePageQuantumSoftTestDDT.java:80)
at java.base/java.util.ArrayList.forEach(ArrayList.java:1511)
... Removed 29 stack frames]]>
    </failure>
  </testcase> <!-- verify_FooterAboutUsLink -->
  <testcase classname="testCases.TC_001_HomePageQuantumSoftTestDDT" name="verify_FooterServicesLink" time="3.035">
    <failure type="java.lang.AssertionError" message="The following asserts failed:
	Get quote Link is Not Working as we are in Same Page  did not expect [https://www.quantumsofttechnologies.com/] but found [https://www.quantumsofttechnologies.com/],
	Get quote Link is Not Working After Filling the Form as we are in Same Page  did not expect [https://www.quantumsofttechnologies.com/?] but found [https://www.quantumsofttechnologies.com/?]">
      <![CDATA[java.lang.AssertionError: The following asserts failed:
Get quote Link is Not Working as we are in Same Page  did not expect [https://www.quantumsofttechnologies.com/] but found [https://www.quantumsofttechnologies.com/],
Get quote Link is Not Working After Filling the Form as we are in Same Page  did not expect [https://www.quantumsofttechnologies.com/?] but found [https://www.quantumsofttechnologies.com/?]
at testCases.TC_001_HomePageQuantumSoftTestDDT.verify_FooterServicesLink(TC_001_HomePageQuantumSoftTestDDT.java:95)
at java.base/java.util.ArrayList.forEach(ArrayList.java:1511)
... Removed 29 stack frames]]>
    </failure>
  </testcase> <!-- verify_FooterServicesLink -->
  <testcase classname="testCases.TC_001_HomePageQuantumSoftTestDDT" name="verify_FooterContactUsLink" time="4.454">
    <failure type="java.lang.AssertionError" message="The following asserts failed:
	Get quote Link is Not Working as we are in Same Page  did not expect [https://www.quantumsofttechnologies.com/] but found [https://www.quantumsofttechnologies.com/],
	Get quote Link is Not Working After Filling the Form as we are in Same Page  did not expect [https://www.quantumsofttechnologies.com/?] but found [https://www.quantumsofttechnologies.com/?]">
      <![CDATA[java.lang.AssertionError: The following asserts failed:
Get quote Link is Not Working as we are in Same Page  did not expect [https://www.quantumsofttechnologies.com/] but found [https://www.quantumsofttechnologies.com/],
Get quote Link is Not Working After Filling the Form as we are in Same Page  did not expect [https://www.quantumsofttechnologies.com/?] but found [https://www.quantumsofttechnologies.com/?]
at testCases.TC_001_HomePageQuantumSoftTestDDT.verify_FooterContactUsLink(TC_001_HomePageQuantumSoftTestDDT.java:111)
at java.base/java.util.ArrayList.forEach(ArrayList.java:1511)
... Removed 29 stack frames]]>
    </failure>
  </testcase> <!-- verify_FooterContactUsLink -->
  <testcase classname="testCases.TC_001_AboutUsTest" name="verify_AboutUs" time="3.863">
    <failure type="java.lang.AssertionError" message="An exception occurred: element click intercepted: Element &amp;lt;a class=&amp;quot;btn btn-primary py-3 px-5 mt-2&amp;quot; href=&amp;quot;&amp;quot;&amp;gt;...&amp;lt;/a&amp;gt; is not clickable at point (794, 29). Other element would receive the click: &amp;lt;div class=&amp;quot;collapse navbar-collapse&amp;quot; id=&amp;quot;navbarCollapse&amp;quot;&amp;gt;...&amp;lt;/div&amp;gt;
  (Session info: chrome=131.0.6778.86)
Build info: version: &amp;apos;4.20.0&amp;apos;, revision: &amp;apos;866c76ca80&amp;apos;
System info: os.name: &amp;apos;Windows 10&amp;apos;, os.arch: &amp;apos;amd64&amp;apos;, os.version: &amp;apos;10.0&amp;apos;, java.version: &amp;apos;17.0.9&amp;apos;
Driver info: org.openqa.selenium.chrome.ChromeDriver
Command: [45415dfc3174c1c41c18eee6cc5ad725, clickElement {id=f.EE38665DE5FA9E2DC24FFCB962EF7766.d.9FBE659F17831477E13CC700FA247C15.e.41}]
Capabilities {acceptInsecureCerts: false, browserName: chrome, browserVersion: 131.0.6778.86, chrome: {chromedriverVersion: 131.0.6778.85 (3d81e41b6f3a..., userDataDir: C:\Users\Shree\AppData\Loca...}, fedcm:accounts: true, goog:chromeOptions: {debuggerAddress: localhost:63299}, networkConnectionEnabled: false, pageLoadStrategy: normal, platformName: windows, proxy: Proxy(), se:cdp: ws://localhost:63299/devtoo..., se:cdpVersion: 131.0.6778.86, setWindowRect: true, strictFileInteractability: false, timeouts: {implicit: 0, pageLoad: 300000, script: 30000}, unhandledPromptBehavior: dismiss and notify, webauthn:extension:credBlob: true, webauthn:extension:largeBlob: true, webauthn:extension:minPinLength: true, webauthn:extension:prf: true, webauthn:virtualAuthenticators: true}
Element: [[ChromeDriver: chrome on windows (45415dfc3174c1c41c18eee6cc5ad725)] -&amp;gt; xpath: //a[normalize-space()=&amp;apos;Read More&amp;apos;]]
Session ID: 45415dfc3174c1c41c18eee6cc5ad725">
      <![CDATA[java.lang.AssertionError: An exception occurred: element click intercepted: Element <a class="btn btn-primary py-3 px-5 mt-2" href="">...</a> is not clickable at point (794, 29). Other element would receive the click: <div class="collapse navbar-collapse" id="navbarCollapse">...</div>
  (Session info: chrome=131.0.6778.86)
Build info: version: '4.20.0', revision: '866c76ca80'
System info: os.name: 'Windows 10', os.arch: 'amd64', os.version: '10.0', java.version: '17.0.9'
Driver info: org.openqa.selenium.chrome.ChromeDriver
Command: [45415dfc3174c1c41c18eee6cc5ad725, clickElement {id=f.EE38665DE5FA9E2DC24FFCB962EF7766.d.9FBE659F17831477E13CC700FA247C15.e.41}]
Capabilities {acceptInsecureCerts: false, browserName: chrome, browserVersion: 131.0.6778.86, chrome: {chromedriverVersion: 131.0.6778.85 (3d81e41b6f3a..., userDataDir: C:\Users\Shree\AppData\Loca...}, fedcm:accounts: true, goog:chromeOptions: {debuggerAddress: localhost:63299}, networkConnectionEnabled: false, pageLoadStrategy: normal, platformName: windows, proxy: Proxy(), se:cdp: ws://localhost:63299/devtoo..., se:cdpVersion: 131.0.6778.86, setWindowRect: true, strictFileInteractability: false, timeouts: {implicit: 0, pageLoad: 300000, script: 30000}, unhandledPromptBehavior: dismiss and notify, webauthn:extension:credBlob: true, webauthn:extension:largeBlob: true, webauthn:extension:minPinLength: true, webauthn:extension:prf: true, webauthn:virtualAuthenticators: true}
Element: [[ChromeDriver: chrome on windows (45415dfc3174c1c41c18eee6cc5ad725)] -> xpath: //a[normalize-space()='Read More']]
Session ID: 45415dfc3174c1c41c18eee6cc5ad725
at testCases.TC_001_AboutUsTest.verify_AboutUs(TC_001_AboutUsTest.java:40)
at java.base/java.util.ArrayList.forEach(ArrayList.java:1511)
... Removed 28 stack frames]]>
    </failure>
  </testcase> <!-- verify_AboutUs -->
</testsuite> <!-- Quantumsoft -->
