<?xml version="1.0" encoding="UTF-8"?>
<!-- Generated by org.testng.reporters.JUnitXMLReporter -->
<testsuite ignored="0" hostname="SHREE" failures="5" tests="5" name="AboutUsTest" time="41.096" errors="0" timestamp="2024-11-22T14:35:21 IST">
  <testcase classname="testCases.TC_001_HomePageQuantumSoftTestDDT" name="verify_getQuoteLink" time="2.418">
    <failure type="java.lang.AssertionError" message="The following asserts failed:
	Get quote Link is Not Working as we are in Same Page  did not expect [https://www.quantumsofttechnologies.com/] but found [https://www.quantumsofttechnologies.com/]">
      <![CDATA[java.lang.AssertionError: The following asserts failed:
Get quote Link is Not Working as we are in Same Page  did not expect [https://www.quantumsofttechnologies.com/] but found [https://www.quantumsofttechnologies.com/]
at testCases.TC_001_HomePageQuantumSoftTestDDT.verify_getQuoteLink(TC_001_HomePageQuantumSoftTestDDT.java:28)
at java.base/java.util.ArrayList.forEach(ArrayList.java:1511)
... Removed 33 stack frames]]>
    </failure>
  </testcase> <!-- verify_getQuoteLink -->
  <testcase classname="testCases.TC_001_HomePageQuantumSoftTestDDT" name="verify_fillFormDetailsDDT" time="11.862">
    <failure type="java.lang.AssertionError" message="The following asserts failed:
	Get quote Link is Not Working as we are in Same Page  did not expect [https://www.quantumsofttechnologies.com/] but found [https://www.quantumsofttechnologies.com/],
	Get quote Link is Not Working After Filling the Form as we are in Same Page  did not expect [https://www.quantumsofttechnologies.com/?] but found [https://www.quantumsofttechnologies.com/?]">
      <![CDATA[java.lang.AssertionError: The following asserts failed:
Get quote Link is Not Working as we are in Same Page  did not expect [https://www.quantumsofttechnologies.com/] but found [https://www.quantumsofttechnologies.com/],
Get quote Link is Not Working After Filling the Form as we are in Same Page  did not expect [https://www.quantumsofttechnologies.com/?] but found [https://www.quantumsofttechnologies.com/?]
at testCases.TC_001_HomePageQuantumSoftTestDDT.verify_fillFormDetailsDDT(TC_001_HomePageQuantumSoftTestDDT.java:64)
at java.base/java.util.ArrayList.forEach(ArrayList.java:1511)
... Removed 33 stack frames]]>
    </failure>
  </testcase> <!-- verify_fillFormDetailsDDT -->
  <testcase classname="testCases.TC_001_HomePageQuantumSoftTestDDT" name="verify_FooterAboutUsLink" time="4.265">
    <failure type="java.lang.AssertionError" message="The following asserts failed:
	Get quote Link is Not Working as we are in Same Page  did not expect [https://www.quantumsofttechnologies.com/] but found [https://www.quantumsofttechnologies.com/],
	Get quote Link is Not Working After Filling the Form as we are in Same Page  did not expect [https://www.quantumsofttechnologies.com/?] but found [https://www.quantumsofttechnologies.com/?]">
      <![CDATA[java.lang.AssertionError: The following asserts failed:
Get quote Link is Not Working as we are in Same Page  did not expect [https://www.quantumsofttechnologies.com/] but found [https://www.quantumsofttechnologies.com/],
Get quote Link is Not Working After Filling the Form as we are in Same Page  did not expect [https://www.quantumsofttechnologies.com/?] but found [https://www.quantumsofttechnologies.com/?]
at testCases.TC_001_HomePageQuantumSoftTestDDT.verify_FooterAboutUsLink(TC_001_HomePageQuantumSoftTestDDT.java:80)
at java.base/java.util.ArrayList.forEach(ArrayList.java:1511)
... Removed 33 stack frames]]>
    </failure>
  </testcase> <!-- verify_FooterAboutUsLink -->
  <testcase classname="testCases.TC_001_HomePageQuantumSoftTestDDT" name="verify_FooterServicesLink" time="2.935">
    <failure type="java.lang.AssertionError" message="The following asserts failed:
	Get quote Link is Not Working as we are in Same Page  did not expect [https://www.quantumsofttechnologies.com/] but found [https://www.quantumsofttechnologies.com/],
	Get quote Link is Not Working After Filling the Form as we are in Same Page  did not expect [https://www.quantumsofttechnologies.com/?] but found [https://www.quantumsofttechnologies.com/?]">
      <![CDATA[java.lang.AssertionError: The following asserts failed:
Get quote Link is Not Working as we are in Same Page  did not expect [https://www.quantumsofttechnologies.com/] but found [https://www.quantumsofttechnologies.com/],
Get quote Link is Not Working After Filling the Form as we are in Same Page  did not expect [https://www.quantumsofttechnologies.com/?] but found [https://www.quantumsofttechnologies.com/?]
at testCases.TC_001_HomePageQuantumSoftTestDDT.verify_FooterServicesLink(TC_001_HomePageQuantumSoftTestDDT.java:95)
at java.base/java.util.ArrayList.forEach(ArrayList.java:1511)
... Removed 33 stack frames]]>
    </failure>
  </testcase> <!-- verify_FooterServicesLink -->
  <testcase classname="testCases.TC_001_HomePageQuantumSoftTestDDT" name="verify_FooterContactUsLink" time="4.246">
    <failure type="java.lang.AssertionError" message="The following asserts failed:
	Get quote Link is Not Working as we are in Same Page  did not expect [https://www.quantumsofttechnologies.com/] but found [https://www.quantumsofttechnologies.com/],
	Get quote Link is Not Working After Filling the Form as we are in Same Page  did not expect [https://www.quantumsofttechnologies.com/?] but found [https://www.quantumsofttechnologies.com/?]">
      <![CDATA[java.lang.AssertionError: The following asserts failed:
Get quote Link is Not Working as we are in Same Page  did not expect [https://www.quantumsofttechnologies.com/] but found [https://www.quantumsofttechnologies.com/],
Get quote Link is Not Working After Filling the Form as we are in Same Page  did not expect [https://www.quantumsofttechnologies.com/?] but found [https://www.quantumsofttechnologies.com/?]
at testCases.TC_001_HomePageQuantumSoftTestDDT.verify_FooterContactUsLink(TC_001_HomePageQuantumSoftTestDDT.java:111)
at java.base/java.util.ArrayList.forEach(ArrayList.java:1511)
... Removed 33 stack frames]]>
    </failure>
  </testcase> <!-- verify_FooterContactUsLink -->
</testsuite> <!-- AboutUsTest -->
