<!DOCTYPE html PUBLIC "-//W3C//DTD XHTML 1.1//EN" "https://www.w3.org/TR/xhtml11/DTD/xhtml11.dtd">
<html xmlns="https://www.w3.org/1999/xhtml">
<head>
<meta http-equiv="content-type" content="text/html; charset=UTF-8"/>
<title>TestNG Report</title>
<style type="text/css">table {margin-bottom:10px;border-collapse:collapse;empty-cells:show}th,td {border:1px solid #009;padding:.25em .5em}th {vertical-align:bottom}td {vertical-align:top}table a {font-weight:bold}.stripe td {background-color: #E6EBF9}.num {text-align:right}.passedodd td {background-color: #3F3}.passedeven td {background-color: #0A0}.skippedodd td {background-color: #DDD}.skippedeven td {background-color: #CCC}.failedodd td,.attn {background-color: #F33}.failedeven td,.stripe .attn {background-color: #D00}.stacktrace {white-space:pre;font-family:monospace}.totop {font-size:85%;text-align:center;border-bottom:2px solid #000}.invisible {display:none}</style>
</head>
<body>
<table>
<tr><th>Test</th><th># Passed</th><th># Skipped</th><th># Retried</th><th># Failed</th><th>Time (ms)</th><th>Included Groups</th><th>Excluded Groups</th></tr>
<tr><th colspan="8">Suite</th></tr>
<tr><td><a href="#t0">AboutUsTest</a></td><td class="num">0</td><td class="num">0</td><td class="num">0</td><td class="num attn">5</td><td class="num">41,096</td><td></td><td></td></tr>
</table>
<table id='summary'><thead><tr><th>Class</th><th>Method</th><th>Start</th><th>Time (ms)</th></tr></thead><tbody><tr><th colspan="4">Suite</th></tr></tbody><tbody id="t0"><tr><th colspan="4">AboutUsTest &#8212; failed</th></tr><tr class="failedeven"><td rowspan="5">testCases.TC_001_HomePageQuantumSoftTestDDT</td><td><a href="#m0">verify_FooterAboutUsLink</a></td><td rowspan="1">1732266305799</td><td rowspan="1">4265</td></tr><tr class="failedeven"><td><a href="#m1">verify_FooterContactUsLink</a></td><td rowspan="1">1732266313640</td><td rowspan="1">4246</td></tr><tr class="failedeven"><td><a href="#m2">verify_FooterServicesLink</a></td><td rowspan="1">1732266310415</td><td rowspan="1">2935</td></tr><tr class="failedeven"><td><a href="#m3">verify_fillFormDetailsDDT</a></td><td rowspan="1">1732266293605</td><td rowspan="1">11862</td></tr><tr class="failedeven"><td><a href="#m4">verify_getQuoteLink</a></td><td rowspan="1">1732266289294</td><td rowspan="1">2418</td></tr></tbody>
</table>
<h2>AboutUsTest</h2><h3 id="m0">testCases.TC_001_HomePageQuantumSoftTestDDT#verify_FooterAboutUsLink</h3><table class="result"><tr><th>Exception</th></tr><tr><td><div class="stacktrace">java.lang.AssertionError: The following asserts failed:
	Get quote Link is Not Working as we are in Same Page  did not expect [https://www.quantumsofttechnologies.com/] but found [https://www.quantumsofttechnologies.com/],
	Get quote Link is Not Working After Filling the Form as we are in Same Page  did not expect [https://www.quantumsofttechnologies.com/?] but found [https://www.quantumsofttechnologies.com/?]
	at testCases.TC_001_HomePageQuantumSoftTestDDT.verify_FooterAboutUsLink(TC_001_HomePageQuantumSoftTestDDT.java:80)
	at java.base/java.util.ArrayList.forEach(ArrayList.java:1511)
... Removed 33 stack frames</div></td></tr></table><p class="totop"><a href="#summary">back to summary</a></p>
<h3 id="m1">testCases.TC_001_HomePageQuantumSoftTestDDT#verify_FooterContactUsLink</h3><table class="result"><tr><th>Exception</th></tr><tr><td><div class="stacktrace">java.lang.AssertionError: The following asserts failed:
	Get quote Link is Not Working as we are in Same Page  did not expect [https://www.quantumsofttechnologies.com/] but found [https://www.quantumsofttechnologies.com/],
	Get quote Link is Not Working After Filling the Form as we are in Same Page  did not expect [https://www.quantumsofttechnologies.com/?] but found [https://www.quantumsofttechnologies.com/?]
	at testCases.TC_001_HomePageQuantumSoftTestDDT.verify_FooterContactUsLink(TC_001_HomePageQuantumSoftTestDDT.java:111)
	at java.base/java.util.ArrayList.forEach(ArrayList.java:1511)
... Removed 33 stack frames</div></td></tr></table><p class="totop"><a href="#summary">back to summary</a></p>
<h3 id="m2">testCases.TC_001_HomePageQuantumSoftTestDDT#verify_FooterServicesLink</h3><table class="result"><tr><th>Exception</th></tr><tr><td><div class="stacktrace">java.lang.AssertionError: The following asserts failed:
	Get quote Link is Not Working as we are in Same Page  did not expect [https://www.quantumsofttechnologies.com/] but found [https://www.quantumsofttechnologies.com/],
	Get quote Link is Not Working After Filling the Form as we are in Same Page  did not expect [https://www.quantumsofttechnologies.com/?] but found [https://www.quantumsofttechnologies.com/?]
	at testCases.TC_001_HomePageQuantumSoftTestDDT.verify_FooterServicesLink(TC_001_HomePageQuantumSoftTestDDT.java:95)
	at java.base/java.util.ArrayList.forEach(ArrayList.java:1511)
... Removed 33 stack frames</div></td></tr></table><p class="totop"><a href="#summary">back to summary</a></p>
<h3 id="m3">testCases.TC_001_HomePageQuantumSoftTestDDT#verify_fillFormDetailsDDT</h3><table class="result"><tr class="param"><th>Parameter #1</th><th>Parameter #2</th><th>Parameter #3</th><th>Parameter #4</th></tr><tr class="param stripe"><td>Dilip Raut</td><td>DilipRaut@gmail.com</td><td>11/20/2024 4:33 PM</td><td>NO</td></tr><tr><th colspan="4">Exception</th></tr><tr><td colspan="4"><div class="stacktrace">java.lang.AssertionError: The following asserts failed:
	Get quote Link is Not Working as we are in Same Page  did not expect [https://www.quantumsofttechnologies.com/] but found [https://www.quantumsofttechnologies.com/],
	Get quote Link is Not Working After Filling the Form as we are in Same Page  did not expect [https://www.quantumsofttechnologies.com/?] but found [https://www.quantumsofttechnologies.com/?]
	at testCases.TC_001_HomePageQuantumSoftTestDDT.verify_fillFormDetailsDDT(TC_001_HomePageQuantumSoftTestDDT.java:64)
	at java.base/java.util.ArrayList.forEach(ArrayList.java:1511)
... Removed 33 stack frames</div></td></tr></table><p class="totop"><a href="#summary">back to summary</a></p>
<h3 id="m4">testCases.TC_001_HomePageQuantumSoftTestDDT#verify_getQuoteLink</h3><table class="result"><tr><th>Exception</th></tr><tr><td><div class="stacktrace">java.lang.AssertionError: The following asserts failed:
	Get quote Link is Not Working as we are in Same Page  did not expect [https://www.quantumsofttechnologies.com/] but found [https://www.quantumsofttechnologies.com/]
	at testCases.TC_001_HomePageQuantumSoftTestDDT.verify_getQuoteLink(TC_001_HomePageQuantumSoftTestDDT.java:28)
	at java.base/java.util.ArrayList.forEach(ArrayList.java:1511)
... Removed 33 stack frames</div></td></tr></table><p class="totop"><a href="#summary">back to summary</a></p>
</body>
</html>
